<?xml version="1.0" encoding="UTF-8"?>
<!-- Generated by org.testng.reporters.JUnitReportReporter -->
<testsuite skipped="0" hostname="santiago-XPS-L412Z" name="Google_Search.GoogleSearchTest" tests="1" failures="0" timestamp="11 Apr 2018 23:48:45 GMT" time="6.116" errors="0">
  <testcase name="searchInGoogle" time="6.116" classname="Google_Search.GoogleSearchTest"/>
</testsuite> <!-- Google_Search.GoogleSearchTest -->
